{"/Users/maistor_dany/Projects/weather-app/src/index.tsx": {"path":"/Users/maistor_dany/Projects/weather-app/src/index.tsx","statementMap":{"0":{"start":{"line":1,"column":0},"end":{"line":1,"column":26}},"1":{"start":{"line":2,"column":0},"end":{"line":2,"column":40}},"2":{"start":{"line":3,"column":0},"end":{"line":3,"column":21}},"3":{"start":{"line":4,"column":0},"end":{"line":4,"column":28}},"4":{"start":{"line":5,"column":0},"end":{"line":5,"column":48}},"5":{"start":{"line":6,"column":0},"end":{"line":6,"column":49}},"6":{"start":{"line":7,"column":0},"end":{"line":7,"column":39}},"7":{"start":{"line":8,"column":0},"end":{"line":8,"column":32}},"8":{"start":{"line":10,"column":13},"end":{"line":11,"column":null}},"9":{"start":{"line":13,"column":0},"end":{"line":21,"column":2}},"10":{"start":{"line":26,"column":0},"end":{"line":26,"column":18}}},"fnMap":{},"branchMap":{},"s":{"0":0,"1":0,"2":0,"3":0,"4":0,"5":0,"6":0,"7":0,"8":0,"9":0,"10":0},"f":{},"b":{}}
,"/Users/maistor_dany/Projects/weather-app/src/react-app-env.d.ts": {"path":"/Users/maistor_dany/Projects/weather-app/src/react-app-env.d.ts","statementMap":{},"fnMap":{},"branchMap":{},"s":{},"f":{},"b":{}}
,"/Users/maistor_dany/Projects/weather-app/src/reportWebVitals.ts": {"path":"/Users/maistor_dany/Projects/weather-app/src/reportWebVitals.ts","statementMap":{"0":{"start":{"line":3,"column":24},"end":{"line":13,"column":1}},"1":{"start":{"line":4,"column":2},"end":{"line":12,"column":null}},"2":{"start":{"line":5,"column":4},"end":{"line":11,"column":7}},"3":{"start":{"line":5,"column":4},"end":{"line":5,"column":25}},"4":{"start":{"line":5,"column":39},"end":{"line":5,"column":41}},"5":{"start":{"line":5,"column":47},"end":{"line":5,"column":49}},"6":{"start":{"line":5,"column":55},"end":{"line":5,"column":57}},"7":{"start":{"line":5,"column":63},"end":{"line":5,"column":65}},"8":{"start":{"line":5,"column":72},"end":{"line":5,"column":74}},"9":{"start":{"line":6,"column":6},"end":{"line":6,"column":26}},"10":{"start":{"line":7,"column":6},"end":{"line":7,"column":26}},"11":{"start":{"line":8,"column":6},"end":{"line":8,"column":26}},"12":{"start":{"line":9,"column":6},"end":{"line":9,"column":26}},"13":{"start":{"line":10,"column":6},"end":{"line":10,"column":27}},"14":{"start":{"line":15,"column":0},"end":{"line":15,"column":31}}},"fnMap":{"0":{"name":"(anonymous_6)","decl":{"start":{"line":3,"column":24},"end":{"line":3,"column":25}},"loc":{"start":{"line":3,"column":52},"end":{"line":13,"column":1}}},"1":{"name":"(anonymous_7)","decl":{"start":{"line":5,"column":4},"end":{"line":5,"column":11}},"loc":{"start":{"line":5,"column":4},"end":{"line":5,"column":25}}},"2":{"name":"(anonymous_8)","decl":{"start":{"line":5,"column":30},"end":{"line":5,"column":31}},"loc":{"start":{"line":5,"column":74},"end":{"line":11,"column":5}}}},"branchMap":{"0":{"loc":{"start":{"line":4,"column":2},"end":{"line":12,"column":null}},"type":"if","locations":[{"start":{"line":4,"column":2},"end":{"line":12,"column":null}}]},"1":{"loc":{"start":{"line":4,"column":6},"end":{"line":4,"column":52}},"type":"binary-expr","locations":[{"start":{"line":4,"column":6},"end":{"line":4,"column":17}},{"start":{"line":4,"column":21},"end":{"line":4,"column":52}}]}},"s":{"0":0,"1":0,"2":0,"3":0,"4":0,"5":0,"6":0,"7":0,"8":0,"9":0,"10":0,"11":0,"12":0,"13":0,"14":0},"f":{"0":0,"1":0,"2":0},"b":{"0":[0],"1":[0,0]}}
,"/Users/maistor_dany/Projects/weather-app/src/setupTests.ts": {"path":"/Users/maistor_dany/Projects/weather-app/src/setupTests.ts","statementMap":{"0":{"start":{"line":5,"column":0},"end":{"line":5,"column":35}}},"fnMap":{},"branchMap":{},"s":{"0":0},"f":{},"b":{}}
,"/Users/maistor_dany/Projects/weather-app/src/api/forecast.service.ts": {"path":"/Users/maistor_dany/Projects/weather-app/src/api/forecast.service.ts","statementMap":{"0":{"start":{"line":1,"column":0},"end":{"line":1,"column":35}},"1":{"start":{"line":5,"column":31},"end":{"line":21,"column":1}},"2":{"start":{"line":6,"column":22},"end":{"line":7,"column":18}},"3":{"start":{"line":7,"column":2},"end":{"line":7,"column":112}},"4":{"start":{"line":8,"column":21},"end":{"line":18,"column":3}},"5":{"start":{"line":9,"column":25},"end":{"line":18,"column":3}},"6":{"start":{"line":12,"column":18},"end":{"line":12,"column":null}},"7":{"start":{"line":12,"column":9},"end":{"line":12,"column":null}},"8":{"start":{"line":14,"column":3},"end":{"line":14,"column":22}},"9":{"start":{"line":16,"column":3},"end":{"line":16,"column":46}},"10":{"start":{"line":20,"column":1},"end":{"line":20,"column":24}},"11":{"start":{"line":5,"column":13},"end":{"line":5,"column":31}}},"fnMap":{"0":{"name":"(anonymous_13)","decl":{"start":{"line":5,"column":31},"end":{"line":5,"column":null}},"loc":{"start":{"line":5,"column":31},"end":{"line":21,"column":1}}},"1":{"name":"(anonymous_14)","decl":{"start":{"line":6,"column":22},"end":{"line":6,"column":23}},"loc":{"start":{"line":6,"column":43},"end":{"line":7,"column":18}}},"2":{"name":"(anonymous_15)","decl":{"start":{"line":8,"column":21},"end":{"line":8,"column":null}},"loc":{"start":{"line":9,"column":25},"end":{"line":18,"column":3}}},"3":{"name":"(anonymous_16)","decl":{"start":{"line":9,"column":25},"end":{"line":9,"column":null}},"loc":{"start":{"line":9,"column":25},"end":{"line":18,"column":3}}}},"branchMap":{},"s":{"0":0,"1":0,"2":0,"3":0,"4":0,"5":0,"6":0,"7":0,"8":0,"9":0,"10":0,"11":0},"f":{"0":0,"1":0,"2":0,"3":0},"b":{}}
,"/Users/maistor_dany/Projects/weather-app/src/api/index.ts": {"path":"/Users/maistor_dany/Projects/weather-app/src/api/index.ts","statementMap":{"0":{"start":{"line":1,"column":0},"end":{"line":1,"column":9}},"1":{"start":{"line":1,"column":9},"end":{"line":1,"column":53}},"2":{"start":{"line":2,"column":0},"end":{"line":2,"column":9}},"3":{"start":{"line":2,"column":9},"end":{"line":2,"column":51}}},"fnMap":{"0":{"name":"(anonymous_0)","decl":{"start":{"line":1,"column":9},"end":{"line":1,"column":24}},"loc":{"start":{"line":1,"column":9},"end":{"line":1,"column":53}}},"1":{"name":"(anonymous_1)","decl":{"start":{"line":2,"column":9},"end":{"line":2,"column":23}},"loc":{"start":{"line":2,"column":9},"end":{"line":2,"column":51}}}},"branchMap":{},"s":{"0":0,"1":0,"2":0,"3":0},"f":{"0":0,"1":0},"b":{}}
,"/Users/maistor_dany/Projects/weather-app/src/api/weather.service.ts": {"path":"/Users/maistor_dany/Projects/weather-app/src/api/weather.service.ts","statementMap":{"0":{"start":{"line":1,"column":0},"end":{"line":1,"column":35}},"1":{"start":{"line":5,"column":30},"end":{"line":24,"column":1}},"2":{"start":{"line":6,"column":21},"end":{"line":7,"column":17}},"3":{"start":{"line":7,"column":2},"end":{"line":7,"column":111}},"4":{"start":{"line":8,"column":20},"end":{"line":21,"column":3}},"5":{"start":{"line":9,"column":25},"end":{"line":21,"column":3}},"6":{"start":{"line":12,"column":18},"end":{"line":15,"column":null}},"7":{"start":{"line":12,"column":9},"end":{"line":15,"column":null}},"8":{"start":{"line":17,"column":3},"end":{"line":17,"column":22}},"9":{"start":{"line":19,"column":3},"end":{"line":19,"column":46}},"10":{"start":{"line":23,"column":1},"end":{"line":23,"column":23}},"11":{"start":{"line":5,"column":13},"end":{"line":5,"column":30}}},"fnMap":{"0":{"name":"(anonymous_13)","decl":{"start":{"line":5,"column":30},"end":{"line":5,"column":null}},"loc":{"start":{"line":5,"column":30},"end":{"line":24,"column":1}}},"1":{"name":"(anonymous_14)","decl":{"start":{"line":6,"column":21},"end":{"line":6,"column":22}},"loc":{"start":{"line":6,"column":42},"end":{"line":7,"column":17}}},"2":{"name":"(anonymous_15)","decl":{"start":{"line":8,"column":20},"end":{"line":8,"column":null}},"loc":{"start":{"line":9,"column":25},"end":{"line":21,"column":3}}},"3":{"name":"(anonymous_16)","decl":{"start":{"line":9,"column":25},"end":{"line":9,"column":null}},"loc":{"start":{"line":9,"column":25},"end":{"line":21,"column":3}}}},"branchMap":{},"s":{"0":0,"1":0,"2":0,"3":0,"4":0,"5":0,"6":0,"7":0,"8":0,"9":0,"10":0,"11":0},"f":{"0":0,"1":0,"2":0,"3":0},"b":{}}
,"/Users/maistor_dany/Projects/weather-app/src/app/App.tsx": {"path":"/Users/maistor_dany/Projects/weather-app/src/app/App.tsx","statementMap":{"0":{"start":{"line":1,"column":0},"end":{"line":1,"column":41}},"1":{"start":{"line":2,"column":0},"end":{"line":2,"column":40}},"2":{"start":{"line":3,"column":0},"end":{"line":3,"column":58}},"3":{"start":{"line":4,"column":0},"end":{"line":4,"column":48}},"4":{"start":{"line":7,"column":19},"end":{"line":16,"column":1}},"5":{"start":{"line":8,"column":19},"end":{"line":8,"column":35}},"6":{"start":{"line":9,"column":16},"end":{"line":9,"column":62}},"7":{"start":{"line":9,"column":42},"end":{"line":9,"column":62}},"8":{"start":{"line":11,"column":2},"end":{"line":13,"column":24}},"9":{"start":{"line":12,"column":4},"end":{"line":12,"column":29}},"10":{"start":{"line":15,"column":2},"end":{"line":15,"column":23}},"11":{"start":{"line":7,"column":13},"end":{"line":7,"column":19}}},"fnMap":{"0":{"name":"(anonymous_0)","decl":{"start":{"line":7,"column":19},"end":{"line":7,"column":null}},"loc":{"start":{"line":7,"column":19},"end":{"line":16,"column":1}}},"1":{"name":"(anonymous_1)","decl":{"start":{"line":9,"column":31},"end":{"line":9,"column":32}},"loc":{"start":{"line":9,"column":37},"end":{"line":9,"column":47}}},"2":{"name":"(anonymous_2)","decl":{"start":{"line":11,"column":12},"end":{"line":11,"column":null}},"loc":{"start":{"line":11,"column":12},"end":{"line":13,"column":3}}}},"branchMap":{},"s":{"0":0,"1":0,"2":0,"3":0,"4":0,"5":0,"6":0,"7":0,"8":0,"9":0,"10":0,"11":0},"f":{"0":0,"1":0,"2":0},"b":{}}
,"/Users/maistor_dany/Projects/weather-app/src/app/AppRoutes.tsx": {"path":"/Users/maistor_dany/Projects/weather-app/src/app/AppRoutes.tsx","statementMap":{"0":{"start":{"line":2,"column":0},"end":{"line":2,"column":49}},"1":{"start":{"line":3,"column":0},"end":{"line":3,"column":57}},"2":{"start":{"line":4,"column":0},"end":{"line":4,"column":40}},"3":{"start":{"line":6,"column":25},"end":{"line":15,"column":1}},"4":{"start":{"line":7,"column":2},"end":{"line":14,"column":4}},"5":{"start":{"line":6,"column":13},"end":{"line":6,"column":25}}},"fnMap":{"0":{"name":"(anonymous_2)","decl":{"start":{"line":6,"column":25},"end":{"line":6,"column":null}},"loc":{"start":{"line":6,"column":25},"end":{"line":15,"column":1}}}},"branchMap":{},"s":{"0":0,"1":0,"2":0,"3":0,"4":0,"5":0},"f":{"0":0},"b":{}}
,"/Users/maistor_dany/Projects/weather-app/src/app/index.ts": {"path":"/Users/maistor_dany/Projects/weather-app/src/app/index.ts","statementMap":{"0":{"start":{"line":1,"column":0},"end":{"line":1,"column":9}},"1":{"start":{"line":1,"column":9},"end":{"line":1,"column":27}}},"fnMap":{"0":{"name":"(anonymous_0)","decl":{"start":{"line":1,"column":9},"end":{"line":1,"column":12}},"loc":{"start":{"line":1,"column":9},"end":{"line":1,"column":27}}}},"branchMap":{},"s":{"0":0,"1":0},"f":{"0":0},"b":{}}
,"/Users/maistor_dany/Projects/weather-app/src/client/client.ts": {"path":"/Users/maistor_dany/Projects/weather-app/src/client/client.ts","statementMap":{"0":{"start":{"line":1,"column":0},"end":{"line":1,"column":26}},"1":{"start":{"line":3,"column":13},"end":{"line":6,"column":3}}},"fnMap":{},"branchMap":{},"s":{"0":0,"1":0},"f":{},"b":{}}
,"/Users/maistor_dany/Projects/weather-app/src/client/index.ts": {"path":"/Users/maistor_dany/Projects/weather-app/src/client/index.ts","statementMap":{"0":{"start":{"line":1,"column":0},"end":{"line":1,"column":9}},"1":{"start":{"line":1,"column":9},"end":{"line":1,"column":34}}},"fnMap":{"0":{"name":"(anonymous_0)","decl":{"start":{"line":1,"column":9},"end":{"line":1,"column":15}},"loc":{"start":{"line":1,"column":9},"end":{"line":1,"column":34}}}},"branchMap":{},"s":{"0":0,"1":0},"f":{"0":0},"b":{}}
,"/Users/maistor_dany/Projects/weather-app/src/common/constants.ts": {"path":"/Users/maistor_dany/Projects/weather-app/src/common/constants.ts","statementMap":{"0":{"start":{"line":1,"column":13},"end":{"line":1,"column":51}},"1":{"start":{"line":2,"column":13},"end":{"line":2,"column":40}},"2":{"start":{"line":3,"column":13},"end":{"line":3,"column":36}},"3":{"start":{"line":4,"column":13},"end":{"line":4,"column":40}},"4":{"start":{"line":5,"column":13},"end":{"line":5,"column":34}},"5":{"start":{"line":6,"column":13},"end":{"line":6,"column":33}},"6":{"start":{"line":7,"column":13},"end":{"line":7,"column":37}},"7":{"start":{"line":9,"column":13},"end":{"line":9,"column":33}},"8":{"start":{"line":10,"column":13},"end":{"line":10,"column":31}},"9":{"start":{"line":11,"column":13},"end":{"line":11,"column":39}},"10":{"start":{"line":13,"column":13},"end":{"line":17,"column":null}},"11":{"start":{"line":19,"column":13},"end":{"line":23,"column":null}}},"fnMap":{},"branchMap":{},"s":{"0":0,"1":0,"2":0,"3":0,"4":0,"5":0,"6":0,"7":0,"8":0,"9":0,"10":0,"11":0},"f":{},"b":{}}
,"/Users/maistor_dany/Projects/weather-app/src/components/ForecastData.tsx": {"path":"/Users/maistor_dany/Projects/weather-app/src/components/ForecastData.tsx","statementMap":{"0":{"start":{"line":3,"column":0},"end":{"line":3,"column":52}},"1":{"start":{"line":4,"column":0},"end":{"line":4,"column":57}},"2":{"start":{"line":10,"column":58},"end":{"line":10,"column":null}},"3":{"start":{"line":10,"column":69},"end":{"line":10,"column":71}},"4":{"start":{"line":10,"column":76},"end":{"line":16,"column":2}},"5":{"start":{"line":12,"column":29},"end":{"line":14,"column":6}},"6":{"start":{"line":10,"column":13},"end":{"line":10,"column":58}}},"fnMap":{"0":{"name":"(anonymous_3)","decl":{"start":{"line":10,"column":58},"end":{"line":10,"column":59}},"loc":{"start":{"line":10,"column":71},"end":{"line":10,"column":null}}},"1":{"name":"(anonymous_4)","decl":{"start":{"line":12,"column":18},"end":{"line":12,"column":19}},"loc":{"start":{"line":12,"column":24},"end":{"line":12,"column":null}}}},"branchMap":{},"s":{"0":0,"1":0,"2":0,"3":0,"4":0,"5":0,"6":0},"f":{"0":0,"1":0},"b":{}}
,"/Users/maistor_dany/Projects/weather-app/src/components/MiniWeatherCard.tsx": {"path":"/Users/maistor_dany/Projects/weather-app/src/components/MiniWeatherCard.tsx","statementMap":{"0":{"start":{"line":1,"column":0},"end":{"line":1,"column":50}},"1":{"start":{"line":3,"column":0},"end":{"line":3,"column":61}},"2":{"start":{"line":5,"column":0},"end":{"line":5,"column":44}},"3":{"start":{"line":11,"column":64},"end":{"line":25,"column":1}},"4":{"start":{"line":12,"column":10},"end":{"line":12,"column":null}},"5":{"start":{"line":14,"column":2},"end":{"line":24,"column":4}},"6":{"start":{"line":11,"column":13},"end":{"line":11,"column":64}}},"fnMap":{"0":{"name":"(anonymous_3)","decl":{"start":{"line":11,"column":64},"end":{"line":11,"column":65}},"loc":{"start":{"line":13,"column":1},"end":{"line":25,"column":1}}}},"branchMap":{},"s":{"0":0,"1":0,"2":0,"3":0,"4":0,"5":0,"6":0},"f":{"0":0},"b":{}}
,"/Users/maistor_dany/Projects/weather-app/src/components/TempDisplay.tsx": {"path":"/Users/maistor_dany/Projects/weather-app/src/components/TempDisplay.tsx","statementMap":{"0":{"start":{"line":2,"column":0},"end":{"line":2,"column":51}},"1":{"start":{"line":3,"column":0},"end":{"line":3,"column":42}},"2":{"start":{"line":9,"column":55},"end":{"line":21,"column":1}},"3":{"start":{"line":10,"column":6},"end":{"line":10,"column":null}},"4":{"start":{"line":11,"column":11},"end":{"line":11,"column":null}},"5":{"start":{"line":12,"column":11},"end":{"line":12,"column":null}},"6":{"start":{"line":14,"column":15},"end":{"line":14,"column":61}},"7":{"start":{"line":14,"column":41},"end":{"line":14,"column":61}},"8":{"start":{"line":16,"column":2},"end":{"line":20,"column":4}},"9":{"start":{"line":9,"column":13},"end":{"line":9,"column":55}}},"fnMap":{"0":{"name":"(anonymous_2)","decl":{"start":{"line":9,"column":55},"end":{"line":9,"column":56}},"loc":{"start":{"line":13,"column":1},"end":{"line":21,"column":1}}},"1":{"name":"(anonymous_3)","decl":{"start":{"line":14,"column":30},"end":{"line":14,"column":31}},"loc":{"start":{"line":14,"column":36},"end":{"line":14,"column":46}}}},"branchMap":{},"s":{"0":0,"1":0,"2":0,"3":0,"4":0,"5":0,"6":0,"7":0,"8":0,"9":0},"f":{"0":0,"1":0},"b":{}}
,"/Users/maistor_dany/Projects/weather-app/src/components/TopBar.tsx": {"path":"/Users/maistor_dany/Projects/weather-app/src/components/TopBar.tsx","statementMap":{"0":{"start":{"line":2,"column":0},"end":{"line":2,"column":58}},"1":{"start":{"line":3,"column":0},"end":{"line":3,"column":45}},"2":{"start":{"line":4,"column":0},"end":{"line":4,"column":51}},"3":{"start":{"line":5,"column":0},"end":{"line":5,"column":null}},"4":{"start":{"line":13,"column":0},"end":{"line":13,"column":44}},"5":{"start":{"line":14,"column":0},"end":{"line":14,"column":47}},"6":{"start":{"line":16,"column":22},"end":{"line":49,"column":1}},"7":{"start":{"line":17,"column":19},"end":{"line":17,"column":35}},"8":{"start":{"line":18,"column":19},"end":{"line":18,"column":32}},"9":{"start":{"line":19,"column":16},"end":{"line":19,"column":62}},"10":{"start":{"line":19,"column":42},"end":{"line":19,"column":62}},"11":{"start":{"line":21,"column":16},"end":{"line":46,"column":4}},"12":{"start":{"line":24,"column":21},"end":{"line":24,"column":null}},"13":{"start":{"line":32,"column":25},"end":{"line":32,"column":null}},"14":{"start":{"line":37,"column":25},"end":{"line":37,"column":null}},"15":{"start":{"line":42,"column":25},"end":{"line":42,"column":null}},"16":{"start":{"line":48,"column":2},"end":{"line":48,"column":61}},"17":{"start":{"line":16,"column":13},"end":{"line":16,"column":22}}},"fnMap":{"0":{"name":"(anonymous_1)","decl":{"start":{"line":16,"column":22},"end":{"line":16,"column":null}},"loc":{"start":{"line":16,"column":22},"end":{"line":49,"column":1}}},"1":{"name":"(anonymous_2)","decl":{"start":{"line":19,"column":31},"end":{"line":19,"column":32}},"loc":{"start":{"line":19,"column":37},"end":{"line":19,"column":47}}},"2":{"name":"(anonymous_3)","decl":{"start":{"line":24,"column":15},"end":{"line":24,"column":21}},"loc":{"start":{"line":24,"column":15},"end":{"line":24,"column":29}}},"3":{"name":"(anonymous_4)","decl":{"start":{"line":32,"column":19},"end":{"line":32,"column":25}},"loc":{"start":{"line":32,"column":19},"end":{"line":32,"column":33}}},"4":{"name":"(anonymous_5)","decl":{"start":{"line":37,"column":19},"end":{"line":37,"column":25}},"loc":{"start":{"line":37,"column":19},"end":{"line":37,"column":33}}},"5":{"name":"(anonymous_6)","decl":{"start":{"line":42,"column":19},"end":{"line":42,"column":25}},"loc":{"start":{"line":42,"column":19},"end":{"line":42,"column":33}}}},"branchMap":{"0":{"loc":{"start":{"line":31,"column":16},"end":{"line":31,"column":60}},"type":"cond-expr","locations":[{"start":{"line":31,"column":42},"end":{"line":31,"column":55}},{"start":{"line":31,"column":58},"end":{"line":31,"column":60}}]},"1":{"loc":{"start":{"line":36,"column":16},"end":{"line":36,"column":60}},"type":"cond-expr","locations":[{"start":{"line":36,"column":42},"end":{"line":36,"column":55}},{"start":{"line":36,"column":58},"end":{"line":36,"column":60}}]},"2":{"loc":{"start":{"line":41,"column":16},"end":{"line":41,"column":58}},"type":"cond-expr","locations":[{"start":{"line":41,"column":40},"end":{"line":41,"column":53}},{"start":{"line":41,"column":56},"end":{"line":41,"column":58}}]}},"s":{"0":0,"1":0,"2":0,"3":0,"4":0,"5":0,"6":0,"7":0,"8":0,"9":0,"10":0,"11":0,"12":0,"13":0,"14":0,"15":0,"16":0,"17":0},"f":{"0":0,"1":0,"2":0,"3":0,"4":0,"5":0},"b":{"0":[0,0],"1":[0,0],"2":[0,0]}}
,"/Users/maistor_dany/Projects/weather-app/src/components/WeatherCard.tsx": {"path":"/Users/maistor_dany/Projects/weather-app/src/components/WeatherCard.tsx","statementMap":{"0":{"start":{"line":2,"column":0},"end":{"line":2,"column":56}},"1":{"start":{"line":3,"column":0},"end":{"line":3,"column":47}},"2":{"start":{"line":5,"column":0},"end":{"line":5,"column":39}},"3":{"start":{"line":6,"column":0},"end":{"line":6,"column":44}},"4":{"start":{"line":14,"column":54},"end":{"line":49,"column":1}},"5":{"start":{"line":15,"column":9},"end":{"line":15,"column":null}},"6":{"start":{"line":16,"column":4},"end":{"line":16,"column":null}},"7":{"start":{"line":17,"column":7},"end":{"line":17,"column":null}},"8":{"start":{"line":18,"column":11},"end":{"line":18,"column":null}},"9":{"start":{"line":20,"column":19},"end":{"line":20,"column":32}},"10":{"start":{"line":21,"column":29},"end":{"line":22,"column":6}},"11":{"start":{"line":22,"column":4},"end":{"line":22,"column":52}},"12":{"start":{"line":24,"column":2},"end":{"line":48,"column":4}},"13":{"start":{"line":14,"column":13},"end":{"line":14,"column":54}}},"fnMap":{"0":{"name":"(anonymous_3)","decl":{"start":{"line":14,"column":54},"end":{"line":14,"column":55}},"loc":{"start":{"line":19,"column":1},"end":{"line":49,"column":1}}},"1":{"name":"(anonymous_4)","decl":{"start":{"line":21,"column":29},"end":{"line":21,"column":null}},"loc":{"start":{"line":21,"column":29},"end":{"line":22,"column":6}}}},"branchMap":{"0":{"loc":{"start":{"line":22,"column":4},"end":{"line":22,"column":51}},"type":"cond-expr","locations":[{"start":{"line":22,"column":9},"end":{"line":22,"column":44}},{"start":{"line":22,"column":47},"end":{"line":22,"column":51}}]}},"s":{"0":0,"1":0,"2":0,"3":0,"4":0,"5":0,"6":0,"7":0,"8":0,"9":0,"10":0,"11":0,"12":0,"13":0},"f":{"0":0,"1":0},"b":{"0":[0,0]}}
,"/Users/maistor_dany/Projects/weather-app/src/components/index.ts": {"path":"/Users/maistor_dany/Projects/weather-app/src/components/index.ts","statementMap":{"0":{"start":{"line":1,"column":0},"end":{"line":1,"column":9}},"1":{"start":{"line":1,"column":9},"end":{"line":1,"column":46}},"2":{"start":{"line":2,"column":0},"end":{"line":2,"column":9}},"3":{"start":{"line":2,"column":9},"end":{"line":2,"column":44}},"4":{"start":{"line":3,"column":0},"end":{"line":3,"column":9}},"5":{"start":{"line":3,"column":9},"end":{"line":3,"column":44}},"6":{"start":{"line":4,"column":0},"end":{"line":4,"column":9}},"7":{"start":{"line":4,"column":9},"end":{"line":4,"column":34}},"8":{"start":{"line":5,"column":0},"end":{"line":5,"column":9}},"9":{"start":{"line":5,"column":9},"end":{"line":5,"column":52}}},"fnMap":{"0":{"name":"(anonymous_0)","decl":{"start":{"line":1,"column":9},"end":{"line":1,"column":21}},"loc":{"start":{"line":1,"column":9},"end":{"line":1,"column":46}}},"1":{"name":"(anonymous_1)","decl":{"start":{"line":2,"column":9},"end":{"line":2,"column":20}},"loc":{"start":{"line":2,"column":9},"end":{"line":2,"column":44}}},"2":{"name":"(anonymous_2)","decl":{"start":{"line":3,"column":9},"end":{"line":3,"column":20}},"loc":{"start":{"line":3,"column":9},"end":{"line":3,"column":44}}},"3":{"name":"(anonymous_3)","decl":{"start":{"line":4,"column":9},"end":{"line":4,"column":15}},"loc":{"start":{"line":4,"column":9},"end":{"line":4,"column":34}}},"4":{"name":"(anonymous_4)","decl":{"start":{"line":5,"column":9},"end":{"line":5,"column":24}},"loc":{"start":{"line":5,"column":9},"end":{"line":5,"column":52}}}},"branchMap":{},"s":{"0":0,"1":0,"2":0,"3":0,"4":0,"5":0,"6":0,"7":0,"8":0,"9":0},"f":{"0":0,"1":0,"2":0,"3":0,"4":0},"b":{}}
,"/Users/maistor_dany/Projects/weather-app/src/hooks/index.ts": {"path":"/Users/maistor_dany/Projects/weather-app/src/hooks/index.ts","statementMap":{"0":{"start":{"line":1,"column":0},"end":{"line":1,"column":9}},"1":{"start":{"line":1,"column":9},"end":{"line":1,"column":25}},"2":{"start":{"line":1,"column":25},"end":{"line":1,"column":62}}},"fnMap":{"0":{"name":"(anonymous_0)","decl":{"start":{"line":1,"column":9},"end":{"line":1,"column":23}},"loc":{"start":{"line":1,"column":9},"end":{"line":1,"column":25}}},"1":{"name":"(anonymous_1)","decl":{"start":{"line":1,"column":25},"end":{"line":1,"column":39}},"loc":{"start":{"line":1,"column":25},"end":{"line":1,"column":62}}}},"branchMap":{},"s":{"0":0,"1":0,"2":0},"f":{"0":0,"1":0},"b":{}}
,"/Users/maistor_dany/Projects/weather-app/src/hooks/store.hook.ts": {"path":"/Users/maistor_dany/Projects/weather-app/src/hooks/store.hook.ts","statementMap":{"0":{"start":{"line":1,"column":0},"end":{"line":1,"column":77}},"1":{"start":{"line":4,"column":13},"end":{"line":4,"column":61}},"2":{"start":{"line":5,"column":13},"end":{"line":5,"column":75}}},"fnMap":{},"branchMap":{},"s":{"0":0,"1":0,"2":0},"f":{},"b":{}}
,"/Users/maistor_dany/Projects/weather-app/src/layouts/MainLayout.tsx": {"path":"/Users/maistor_dany/Projects/weather-app/src/layouts/MainLayout.tsx","statementMap":{"0":{"start":{"line":2,"column":0},"end":{"line":2,"column":39}},"1":{"start":{"line":3,"column":0},"end":{"line":3,"column":42}},"2":{"start":{"line":4,"column":0},"end":{"line":4,"column":39}},"3":{"start":{"line":6,"column":25},"end":{"line":12,"column":2}},"4":{"start":{"line":14,"column":36},"end":{"line":21,"column":1}},"5":{"start":{"line":15,"column":2},"end":{"line":20,"column":4}},"6":{"start":{"line":14,"column":13},"end":{"line":14,"column":36}}},"fnMap":{"0":{"name":"(anonymous_2)","decl":{"start":{"line":14,"column":36},"end":{"line":14,"column":null}},"loc":{"start":{"line":14,"column":36},"end":{"line":21,"column":1}}}},"branchMap":{"0":{"loc":{"start":{"line":6,"column":35},"end":{"line":12,"column":2}},"type":"binary-expr","locations":[{"start":{"line":6,"column":35},"end":{"line":6,"column":null}},{"start":{"line":6,"column":35},"end":{"line":12,"column":2}}]}},"s":{"0":0,"1":0,"2":0,"3":0,"4":0,"5":0,"6":0},"f":{"0":0},"b":{"0":[0,0]}}
,"/Users/maistor_dany/Projects/weather-app/src/layouts/index.ts": {"path":"/Users/maistor_dany/Projects/weather-app/src/layouts/index.ts","statementMap":{"0":{"start":{"line":1,"column":0},"end":{"line":1,"column":9}},"1":{"start":{"line":1,"column":9},"end":{"line":1,"column":42}}},"fnMap":{"0":{"name":"(anonymous_0)","decl":{"start":{"line":1,"column":9},"end":{"line":1,"column":19}},"loc":{"start":{"line":1,"column":9},"end":{"line":1,"column":42}}}},"branchMap":{},"s":{"0":0,"1":0},"f":{"0":0},"b":{}}
,"/Users/maistor_dany/Projects/weather-app/src/pages/DaysWeatherPage.tsx": {"path":"/Users/maistor_dany/Projects/weather-app/src/pages/DaysWeatherPage.tsx","statementMap":{"0":{"start":{"line":2,"column":0},"end":{"line":2,"column":42}},"1":{"start":{"line":3,"column":0},"end":{"line":3,"column":44}},"2":{"start":{"line":4,"column":0},"end":{"line":4,"column":61}},"3":{"start":{"line":5,"column":0},"end":{"line":5,"column":47}},"4":{"start":{"line":7,"column":31},"end":{"line":39,"column":1}},"5":{"start":{"line":8,"column":20},"end":{"line":8,"column":70}},"6":{"start":{"line":8,"column":46},"end":{"line":8,"column":70}},"7":{"start":{"line":9,"column":22},"end":{"line":9,"column":70}},"8":{"start":{"line":9,"column":48},"end":{"line":9,"column":70}},"9":{"start":{"line":10,"column":23},"end":{"line":10,"column":76}},"10":{"start":{"line":10,"column":49},"end":{"line":10,"column":76}},"11":{"start":{"line":11,"column":26},"end":{"line":12,"column":10}},"12":{"start":{"line":12,"column":4},"end":{"line":14,"column":7}},"13":{"start":{"line":12,"column":40},"end":{"line":12,"column":44}},"14":{"start":{"line":12,"column":51},"end":{"line":12,"column":54}},"15":{"start":{"line":12,"column":59},"end":{"line":14,"column":6}},"16":{"start":{"line":16,"column":26},"end":{"line":17,"column":9}},"17":{"start":{"line":17,"column":4},"end":{"line":27,"column":9}},"18":{"start":{"line":19,"column":25},"end":{"line":27,"column":8}},"19":{"start":{"line":29,"column":2},"end":{"line":38,"column":4}},"20":{"start":{"line":7,"column":13},"end":{"line":7,"column":31}}},"fnMap":{"0":{"name":"(anonymous_3)","decl":{"start":{"line":7,"column":31},"end":{"line":7,"column":null}},"loc":{"start":{"line":7,"column":31},"end":{"line":39,"column":1}}},"1":{"name":"(anonymous_4)","decl":{"start":{"line":8,"column":35},"end":{"line":8,"column":36}},"loc":{"start":{"line":8,"column":41},"end":{"line":8,"column":51}}},"2":{"name":"(anonymous_5)","decl":{"start":{"line":9,"column":37},"end":{"line":9,"column":38}},"loc":{"start":{"line":9,"column":43},"end":{"line":9,"column":53}}},"3":{"name":"(anonymous_6)","decl":{"start":{"line":10,"column":38},"end":{"line":10,"column":39}},"loc":{"start":{"line":10,"column":44},"end":{"line":10,"column":54}}},"4":{"name":"(anonymous_7)","decl":{"start":{"line":11,"column":26},"end":{"line":11,"column":null}},"loc":{"start":{"line":11,"column":26},"end":{"line":12,"column":10}}},"5":{"name":"(anonymous_8)","decl":{"start":{"line":12,"column":36},"end":{"line":12,"column":37}},"loc":{"start":{"line":12,"column":54},"end":{"line":12,"column":null}}},"6":{"name":"(anonymous_9)","decl":{"start":{"line":16,"column":26},"end":{"line":16,"column":null}},"loc":{"start":{"line":16,"column":26},"end":{"line":17,"column":9}}},"7":{"name":"(anonymous_10)","decl":{"start":{"line":19,"column":11},"end":{"line":19,"column":12}},"loc":{"start":{"line":19,"column":20},"end":{"line":19,"column":null}}}},"branchMap":{"0":{"loc":{"start":{"line":35,"column":9},"end":{"line":35,"column":58}},"type":"cond-expr","locations":[{"start":{"line":35,"column":21},"end":{"line":35,"column":38}},{"start":{"line":35,"column":41},"end":{"line":35,"column":58}}]}},"s":{"0":0,"1":0,"2":0,"3":0,"4":0,"5":0,"6":0,"7":0,"8":0,"9":0,"10":0,"11":0,"12":0,"13":0,"14":0,"15":0,"16":0,"17":0,"18":0,"19":0,"20":0},"f":{"0":0,"1":0,"2":0,"3":0,"4":0,"5":0,"6":0,"7":0},"b":{"0":[0,0]}}
,"/Users/maistor_dany/Projects/weather-app/src/pages/ForecastPage.tsx": {"path":"/Users/maistor_dany/Projects/weather-app/src/pages/ForecastPage.tsx","statementMap":{"0":{"start":{"line":2,"column":0},"end":{"line":2,"column":45}},"1":{"start":{"line":3,"column":0},"end":{"line":3,"column":58}},"2":{"start":{"line":4,"column":0},"end":{"line":4,"column":42}},"3":{"start":{"line":6,"column":0},"end":{"line":6,"column":47}},"4":{"start":{"line":7,"column":38},"end":{"line":39,"column":1}},"5":{"start":{"line":8,"column":17},"end":{"line":8,"column":29}},"6":{"start":{"line":9,"column":20},"end":{"line":9,"column":70}},"7":{"start":{"line":9,"column":46},"end":{"line":9,"column":70}},"8":{"start":{"line":10,"column":30},"end":{"line":11,"column":null}},"9":{"start":{"line":11,"column":15},"end":{"line":11,"column":null}},"10":{"start":{"line":14,"column":26},"end":{"line":14,"column":null}},"11":{"start":{"line":14,"column":32},"end":{"line":21,"column":4}},"12":{"start":{"line":23,"column":2},"end":{"line":38,"column":4}},"13":{"start":{"line":7,"column":13},"end":{"line":7,"column":38}}},"fnMap":{"0":{"name":"(anonymous_2)","decl":{"start":{"line":7,"column":38},"end":{"line":7,"column":null}},"loc":{"start":{"line":7,"column":38},"end":{"line":39,"column":1}}},"1":{"name":"(anonymous_3)","decl":{"start":{"line":9,"column":35},"end":{"line":9,"column":36}},"loc":{"start":{"line":9,"column":41},"end":{"line":9,"column":51}}},"2":{"name":"(anonymous_4)","decl":{"start":{"line":11,"column":4},"end":{"line":11,"column":5}},"loc":{"start":{"line":11,"column":10},"end":{"line":11,"column":null}}},"3":{"name":"(anonymous_5)","decl":{"start":{"line":14,"column":26},"end":{"line":14,"column":32}},"loc":{"start":{"line":14,"column":26},"end":{"line":14,"column":null}}}},"branchMap":{"0":{"loc":{"start":{"line":11,"column":15},"end":{"line":11,"column":53}},"type":"cond-expr","locations":[{"start":{"line":11,"column":37},"end":{"line":11,"column":40}},{"start":{"line":11,"column":37},"end":{"line":11,"column":53}}]},"1":{"loc":{"start":{"line":11,"column":15},"end":{"line":11,"column":40}},"type":"binary-expr","locations":[{"start":{"line":11,"column":15},"end":{"line":11,"column":40}},{"start":{"line":11,"column":37},"end":{"line":11,"column":40}}]},"2":{"loc":{"start":{"line":11,"column":15},"end":{"line":11,"column":37}},"type":"cond-expr","locations":[{"start":{"line":11,"column":28},"end":{"line":11,"column":30}},{"start":{"line":11,"column":28},"end":{"line":11,"column":37}}]},"3":{"loc":{"start":{"line":11,"column":15},"end":{"line":11,"column":30}},"type":"binary-expr","locations":[{"start":{"line":11,"column":15},"end":{"line":11,"column":30}},{"start":{"line":11,"column":28},"end":{"line":11,"column":30}}]},"4":{"loc":{"start":{"line":26,"column":7},"end":{"line":35,"column":null}},"type":"cond-expr","locations":[{"start":{"line":27,"column":8},"end":{"line":27,"column":32}},{"start":{"line":29,"column":8},"end":{"line":34,"column":null}}]}},"s":{"0":0,"1":0,"2":0,"3":0,"4":0,"5":0,"6":0,"7":0,"8":0,"9":0,"10":0,"11":0,"12":0,"13":0},"f":{"0":0,"1":0,"2":0,"3":0},"b":{"0":[0,0],"1":[0,0],"2":[0,0],"3":[0,0],"4":[0,0]}}
,"/Users/maistor_dany/Projects/weather-app/src/pages/index.ts": {"path":"/Users/maistor_dany/Projects/weather-app/src/pages/index.ts","statementMap":{"0":{"start":{"line":1,"column":0},"end":{"line":1,"column":9}},"1":{"start":{"line":1,"column":9},"end":{"line":1,"column":46}},"2":{"start":{"line":2,"column":0},"end":{"line":2,"column":9}},"3":{"start":{"line":2,"column":9},"end":{"line":2,"column":52}}},"fnMap":{"0":{"name":"(anonymous_0)","decl":{"start":{"line":1,"column":9},"end":{"line":1,"column":21}},"loc":{"start":{"line":1,"column":9},"end":{"line":1,"column":46}}},"1":{"name":"(anonymous_1)","decl":{"start":{"line":2,"column":9},"end":{"line":2,"column":24}},"loc":{"start":{"line":2,"column":9},"end":{"line":2,"column":52}}}},"branchMap":{},"s":{"0":0,"1":0,"2":0,"3":0},"f":{"0":0,"1":0},"b":{}}
,"/Users/maistor_dany/Projects/weather-app/src/store/index.ts": {"path":"/Users/maistor_dany/Projects/weather-app/src/store/index.ts","statementMap":{"0":{"start":{"line":1,"column":0},"end":{"line":1,"column":50}},"1":{"start":{"line":2,"column":0},"end":{"line":2,"column":43}},"2":{"start":{"line":4,"column":13},"end":{"line":8,"column":3}},"3":{"start":{"line":13,"column":0},"end":{"line":13,"column":24}}},"fnMap":{},"branchMap":{},"s":{"0":0,"1":0,"2":0,"3":0},"f":{},"b":{}}
,"/Users/maistor_dany/Projects/weather-app/src/store/weather/index.ts": {"path":"/Users/maistor_dany/Projects/weather-app/src/store/weather/index.ts","statementMap":{"0":{"start":{"line":1,"column":0},"end":{"line":1,"column":32}}},"fnMap":{},"branchMap":{},"s":{"0":0},"f":{},"b":{}}
,"/Users/maistor_dany/Projects/weather-app/src/store/weather/weather.slice.ts": {"path":"/Users/maistor_dany/Projects/weather-app/src/store/weather/weather.slice.ts","statementMap":{"0":{"start":{"line":1,"column":0},"end":{"line":1,"column":47}},"1":{"start":{"line":3,"column":0},"end":{"line":3,"column":null}},"2":{"start":{"line":9,"column":0},"end":{"line":9,"column":75}},"3":{"start":{"line":10,"column":0},"end":{"line":10,"column":55}},"4":{"start":{"line":19,"column":35},"end":{"line":24,"column":2}},"5":{"start":{"line":26,"column":13},"end":{"line":56,"column":3}},"6":{"start":{"line":40,"column":6},"end":{"line":40,"column":59}},"7":{"start":{"line":41,"column":6},"end":{"line":44,"column":9}},"8":{"start":{"line":45,"column":6},"end":{"line":45,"column":41}},"9":{"start":{"line":46,"column":6},"end":{"line":46,"column":30}},"10":{"start":{"line":49,"column":6},"end":{"line":49,"column":63}},"11":{"start":{"line":50,"column":6},"end":{"line":50,"column":35}},"12":{"start":{"line":53,"column":6},"end":{"line":53,"column":39}},"13":{"start":{"line":58,"column":28},"end":{"line":58,"column":35}},"14":{"start":{"line":58,"column":34},"end":{"line":88,"column":2}},"15":{"start":{"line":59,"column":2},"end":{"line":87,"column":null}},"16":{"start":{"line":60,"column":4},"end":{"line":60,"column":33}},"17":{"start":{"line":61,"column":4},"end":{"line":84,"column":7}},"18":{"start":{"line":61,"column":60},"end":{"line":84,"column":6}},"19":{"start":{"line":62,"column":12},"end":{"line":62,"column":43}},"20":{"start":{"line":63,"column":12},"end":{"line":63,"column":44}},"21":{"start":{"line":65,"column":12},"end":{"line":65,"column":78}},"22":{"start":{"line":66,"column":30},"end":{"line":70,"column":null}},"23":{"start":{"line":66,"column":12},"end":{"line":70,"column":null}},"24":{"start":{"line":71,"column":31},"end":{"line":75,"column":null}},"25":{"start":{"line":71,"column":12},"end":{"line":75,"column":null}},"26":{"start":{"line":77,"column":6},"end":{"line":83,"column":8}},"27":{"start":{"line":86,"column":4},"end":{"line":86,"column":34}},"28":{"start":{"line":58,"column":13},"end":{"line":58,"column":28}},"29":{"start":{"line":90,"column":15},"end":{"line":90,"column":null}},"30":{"start":{"line":93,"column":13},"end":{"line":93,"column":51}}},"fnMap":{"0":{"name":"(anonymous_13)","decl":{"start":{"line":30,"column":27},"end":{"line":30,"column":null}},"loc":{"start":{"line":38,"column":7},"end":{"line":47,"column":5}}},"1":{"name":"(anonymous_14)","decl":{"start":{"line":48,"column":14},"end":{"line":48,"column":15}},"loc":{"start":{"line":48,"column":28},"end":{"line":51,"column":5}}},"2":{"name":"(anonymous_15)","decl":{"start":{"line":52,"column":18},"end":{"line":52,"column":19}},"loc":{"start":{"line":52,"column":32},"end":{"line":54,"column":5}}},"3":{"name":"(anonymous_16)","decl":{"start":{"line":58,"column":28},"end":{"line":58,"column":34}},"loc":{"start":{"line":58,"column":28},"end":{"line":58,"column":35}}},"4":{"name":"(anonymous_17)","decl":{"start":{"line":58,"column":34},"end":{"line":58,"column":35}},"loc":{"start":{"line":58,"column":56},"end":{"line":88,"column":1}}},"5":{"name":"(anonymous_18)","decl":{"start":{"line":61,"column":45},"end":{"line":61,"column":52}},"loc":{"start":{"line":61,"column":60},"end":{"line":84,"column":6}}},"6":{"name":"(anonymous_19)","decl":{"start":{"line":61,"column":60},"end":{"line":61,"column":null}},"loc":{"start":{"line":61,"column":60},"end":{"line":84,"column":6}}}},"branchMap":{"0":{"loc":{"start":{"line":65,"column":20},"end":{"line":65,"column":77}},"type":"binary-expr","locations":[{"start":{"line":65,"column":20},"end":{"line":65,"column":60}},{"start":{"line":65,"column":64},"end":{"line":65,"column":77}}]}},"s":{"0":0,"1":0,"2":0,"3":0,"4":0,"5":0,"6":0,"7":0,"8":0,"9":0,"10":0,"11":0,"12":0,"13":0,"14":0,"15":0,"16":0,"17":0,"18":0,"19":0,"20":0,"21":0,"22":0,"23":0,"24":0,"25":0,"26":0,"27":0,"28":0,"29":0,"30":0},"f":{"0":0,"1":0,"2":0,"3":0,"4":0,"5":0,"6":0},"b":{"0":[0,0]}}
,"/Users/maistor_dany/Projects/weather-app/src/utils/date.util.ts": {"path":"/Users/maistor_dany/Projects/weather-app/src/utils/date.util.ts","statementMap":{"0":{"start":{"line":1,"column":0},"end":{"line":1,"column":28}},"1":{"start":{"line":3,"column":33},"end":{"line":4,"column":8}},"2":{"start":{"line":4,"column":2},"end":{"line":4,"column":32}},"3":{"start":{"line":3,"column":13},"end":{"line":3,"column":33}},"4":{"start":{"line":6,"column":37},"end":{"line":7,"column":8}},"5":{"start":{"line":7,"column":2},"end":{"line":7,"column":31}},"6":{"start":{"line":6,"column":13},"end":{"line":6,"column":37}}},"fnMap":{"0":{"name":"(anonymous_1)","decl":{"start":{"line":3,"column":33},"end":{"line":3,"column":34}},"loc":{"start":{"line":3,"column":47},"end":{"line":4,"column":8}}},"1":{"name":"(anonymous_2)","decl":{"start":{"line":6,"column":37},"end":{"line":6,"column":38}},"loc":{"start":{"line":6,"column":51},"end":{"line":7,"column":8}}}},"branchMap":{},"s":{"0":0,"1":0,"2":0,"3":0,"4":0,"5":0,"6":0},"f":{"0":0,"1":0},"b":{}}
,"/Users/maistor_dany/Projects/weather-app/src/utils/index.ts": {"path":"/Users/maistor_dany/Projects/weather-app/src/utils/index.ts","statementMap":{"0":{"start":{"line":1,"column":0},"end":{"line":1,"column":28}},"1":{"start":{"line":2,"column":0},"end":{"line":2,"column":31}}},"fnMap":{},"branchMap":{},"s":{"0":0,"1":0},"f":{},"b":{}}
,"/Users/maistor_dany/Projects/weather-app/src/utils/weather.util.ts": {"path":"/Users/maistor_dany/Projects/weather-app/src/utils/weather.util.ts","statementMap":{"0":{"start":{"line":1,"column":0},"end":{"line":1,"column":71}},"1":{"start":{"line":5,"column":0},"end":{"line":5,"column":28}},"2":{"start":{"line":7,"column":35},"end":{"line":8,"column":6}},"3":{"start":{"line":8,"column":2},"end":{"line":8,"column":42}},"4":{"start":{"line":7,"column":13},"end":{"line":7,"column":35}},"5":{"start":{"line":10,"column":34},"end":{"line":39,"column":1}},"6":{"start":{"line":11,"column":18},"end":{"line":35,"column":null}},"7":{"start":{"line":13,"column":18},"end":{"line":13,"column":51}},"8":{"start":{"line":14,"column":39},"end":{"line":23,"column":8}},"9":{"start":{"line":25,"column":6},"end":{"line":29,"column":null}},"10":{"start":{"line":26,"column":8},"end":{"line":26,"column":30}},"11":{"start":{"line":28,"column":8},"end":{"line":28,"column":19}},"12":{"start":{"line":31,"column":6},"end":{"line":31,"column":30}},"13":{"start":{"line":33,"column":6},"end":{"line":33,"column":17}},"14":{"start":{"line":38,"column":2},"end":{"line":38,"column":46}},"15":{"start":{"line":10,"column":13},"end":{"line":10,"column":34}},"16":{"start":{"line":41,"column":40},"end":{"line":76,"column":1}},"17":{"start":{"line":45,"column":30},"end":{"line":45,"column":32}},"18":{"start":{"line":47,"column":16},"end":{"line":47,"column":32}},"19":{"start":{"line":48,"column":23},"end":{"line":48,"column":50}},"20":{"start":{"line":49,"column":19},"end":{"line":49,"column":59}},"21":{"start":{"line":51,"column":20},"end":{"line":51,"column":57}},"22":{"start":{"line":53,"column":2},"end":{"line":65,"column":4}},"23":{"start":{"line":67,"column":2},"end":{"line":73,"column":5}},"24":{"start":{"line":68,"column":23},"end":{"line":68,"column":64}},"25":{"start":{"line":69,"column":4},"end":{"line":72,"column":6}},"26":{"start":{"line":75,"column":2},"end":{"line":75,"column":16}},"27":{"start":{"line":41,"column":13},"end":{"line":41,"column":40}}},"fnMap":{"0":{"name":"(anonymous_1)","decl":{"start":{"line":7,"column":35},"end":{"line":7,"column":36}},"loc":{"start":{"line":7,"column":48},"end":{"line":8,"column":6}}},"1":{"name":"(anonymous_2)","decl":{"start":{"line":10,"column":34},"end":{"line":10,"column":35}},"loc":{"start":{"line":10,"column":57},"end":{"line":39,"column":1}}},"2":{"name":"(anonymous_3)","decl":{"start":{"line":12,"column":4},"end":{"line":12,"column":5}},"loc":{"start":{"line":12,"column":68},"end":{"line":34,"column":5}}},"3":{"name":"(anonymous_4)","decl":{"start":{"line":41,"column":40},"end":{"line":41,"column":41}},"loc":{"start":{"line":44,"column":1},"end":{"line":76,"column":1}}},"4":{"name":"(anonymous_5)","decl":{"start":{"line":67,"column":33},"end":{"line":67,"column":34}},"loc":{"start":{"line":67,"column":39},"end":{"line":73,"column":3}}}},"branchMap":{"0":{"loc":{"start":{"line":25,"column":6},"end":{"line":29,"column":null}},"type":"if","locations":[{"start":{"line":25,"column":6},"end":{"line":29,"column":null}}]}},"s":{"0":0,"1":0,"2":0,"3":0,"4":0,"5":0,"6":0,"7":0,"8":0,"9":0,"10":0,"11":0,"12":0,"13":0,"14":0,"15":0,"16":0,"17":0,"18":0,"19":0,"20":0,"21":0,"22":0,"23":0,"24":0,"25":0,"26":0,"27":0},"f":{"0":0,"1":0,"2":0,"3":0,"4":0},"b":{"0":[0]}}
}
